<?xml version="1.0" encoding="UTF-8"?>
<!-- Generated by org.testng.reporters.JUnitReportReporter -->
<testsuite hostname="HP" failures="0" tests="1" name="BrowserSecondProject.BrowserSecondProject.AppTest" time="0.000" errors="0" timestamp="23 May 2021 14:10:26 GMT" skipped="0">
  <testcase classname="BrowserSecondProject.BrowserSecondProject.AppTest" name="testApp" time="0.000"/>
</testsuite> <!-- BrowserSecondProject.BrowserSecondProject.AppTest -->
