<?xml version="1.0" encoding="UTF-8"?>
<!-- Generated by org.testng.reporters.JUnitReportReporter -->
<testsuite hostname="HP" failures="0" tests="1" name="BrowserSecondProject.BrowserSecondProject.BrowserTest" time="9.921" errors="0" timestamp="23 May 2021 14:10:26 GMT" skipped="0">
  <testcase classname="BrowserSecondProject.BrowserSecondProject.BrowserTest" name="MyMethod" time="9.921"/>
</testsuite> <!-- BrowserSecondProject.BrowserSecondProject.BrowserTest -->
